Flow report for signal_6
Wed Nov 11 01:24:43 2020
Quartus II 64-Bit Version 13.1.0 Build 162 10/23/2013 SJ Web Edition


---------------------
; Table of Contents ;
---------------------
  1. Legal Notice
  2. Flow Summary
  3. Flow Settings
  4. Flow Non-Default Global Settings
  5. Flow Elapsed Time
  6. Flow OS Summary
  7. Flow Log
  8. Flow Messages
  9. Flow Suppressed Messages



----------------
; Legal Notice ;
----------------
Copyright (C) 1991-2013 Altera Corporation
Your use of Altera Corporation's design tools, logic functions 
and other software and tools, and its AMPP partner logic 
functions, and any output files from any of the foregoing 
(including device programming or simulation files), and any 
associated documentation or information are expressly subject 
to the terms and conditions of the Altera Program License 
Subscription Agreement, Altera MegaCore Function License 
Agreement, or other applicable license agreement, including, 
without limitation, that your use is for the sole purpose of 
programming logic devices manufactured by Altera and sold by 
Altera or its authorized distributors.  Please refer to the 
applicable agreement for further details.



+---------------------------------------------------------------------------------+
; Flow Summary                                                                    ;
+------------------------------------+--------------------------------------------+
; Flow Status                        ; Successful - Wed Nov 11 01:24:43 2020      ;
; Quartus II 64-Bit Version          ; 13.1.0 Build 162 10/23/2013 SJ Web Edition ;
; Revision Name                      ; signal_6                                   ;
; Top-level Entity Name              ; combine                                    ;
; Family                             ; Cyclone IV E                               ;
; Device                             ; EP4CE6E22C7                                ;
; Timing Models                      ; Final                                      ;
; Total logic elements               ; 517                                        ;
;     Total combinational functions  ; 492                                        ;
;     Dedicated logic registers      ; 289                                        ;
; Total registers                    ; 289                                        ;
; Total pins                         ; 12                                         ;
; Total virtual pins                 ; 0                                          ;
; Total memory bits                  ; 2,048                                      ;
; Embedded Multiplier 9-bit elements ; 0                                          ;
; Total PLLs                         ; 0                                          ;
+------------------------------------+--------------------------------------------+


+-----------------------------------------+
; Flow Settings                           ;
+-------------------+---------------------+
; Option            ; Setting             ;
+-------------------+---------------------+
; Start date & time ; 11/11/2020 01:12:09 ;
; Main task         ; Compilation         ;
; Revision Name     ; signal_6            ;
+-------------------+---------------------+


+---------------------------------------------------------------------------------------------------------------------------------------+
; Flow Non-Default Global Settings                                                                                                      ;
+-------------------------------------+--------------------------------------------------+---------------+-------------+----------------+
; Assignment Name                     ; Value                                            ; Default Value ; Entity Name ; Section Id     ;
+-------------------------------------+--------------------------------------------------+---------------+-------------+----------------+
; COMPILER_SIGNATURE_ID               ; 963354956615.160503192906808                     ; --            ; --          ; --             ;
; EDA_GENERATE_FUNCTIONAL_NETLIST     ; On                                               ; --            ; --          ; eda_simulation ;
; EDA_NETLIST_WRITER_OUTPUT_DIR       ; C:/altera/13.1/Project/signal_6/simulation/qsim/ ; --            ; --          ; eda_simulation ;
; EDA_OUTPUT_DATA_FORMAT              ; Verilog Hdl                                      ; --            ; --          ; eda_simulation ;
; EDA_SIMULATION_TOOL                 ; ModelSim-Altera (Verilog)                        ; <None>        ; --          ; --             ;
; IP_TOOL_NAME                        ; ROM: 1-PORT                                      ; --            ; --          ; --             ;
; IP_TOOL_VERSION                     ; 13.1                                             ; --            ; --          ; --             ;
; MAX_CORE_JUNCTION_TEMP              ; 85                                               ; --            ; --          ; --             ;
; MIN_CORE_JUNCTION_TEMP              ; 0                                                ; --            ; --          ; --             ;
; MISC_FILE                           ; SineROM.cmp                                      ; --            ; --          ; --             ;
; NOMINAL_CORE_SUPPLY_VOLTAGE         ; 1.2V                                             ; --            ; --          ; --             ;
; PARTITION_COLOR                     ; 16764057                                         ; --            ; combine     ; Top            ;
; PARTITION_COLOR                     ; 16764057                                         ; --            ; my_I2S      ; Top            ;
; PARTITION_FITTER_PRESERVATION_LEVEL ; PLACEMENT_AND_ROUTING                            ; --            ; combine     ; Top            ;
; PARTITION_FITTER_PRESERVATION_LEVEL ; PLACEMENT_AND_ROUTING                            ; --            ; my_I2S      ; Top            ;
; PARTITION_NETLIST_TYPE              ; SOURCE                                           ; --            ; combine     ; Top            ;
; PARTITION_NETLIST_TYPE              ; SOURCE                                           ; --            ; my_I2S      ; Top            ;
; PROJECT_OUTPUT_DIRECTORY            ; output_files                                     ; --            ; --          ; --             ;
; TOP_LEVEL_ENTITY                    ; combine                                          ; signal_6      ; --          ; --             ;
+-------------------------------------+--------------------------------------------------+---------------+-------------+----------------+


+--------------------------------------------------------------------------------------------------------------------------+
; Flow Elapsed Time                                                                                                        ;
+----------------------+--------------+-------------------------+---------------------+------------------------------------+
; Module Name          ; Elapsed Time ; Average Processors Used ; Peak Virtual Memory ; Total CPU Time (on all processors) ;
+----------------------+--------------+-------------------------+---------------------+------------------------------------+
; Analysis & Synthesis ; 00:00:02     ; 1.0                     ; 4657 MB             ; 00:00:02                           ;
; EDA Netlist Writer   ; 00:00:00     ; 1.0                     ; 4533 MB             ; 00:00:01                           ;
; EDA Netlist Writer   ; 00:00:01     ; 1.0                     ; 4537 MB             ; 00:00:01                           ;
; EDA Netlist Writer   ; 00:00:01     ; 1.0                     ; 4537 MB             ; 00:00:01                           ;
; EDA Netlist Writer   ; 00:00:01     ; 1.0                     ; 4538 MB             ; 00:00:01                           ;
; EDA Netlist Writer   ; 00:00:00     ; 1.0                     ; 4537 MB             ; 00:00:00                           ;
; EDA Netlist Writer   ; 00:00:00     ; 1.0                     ; 4537 MB             ; 00:00:01                           ;
; Total                ; 00:00:05     ; --                      ; --                  ; 00:00:07                           ;
+----------------------+--------------+-------------------------+---------------------+------------------------------------+


+-----------------------------------------------------------------------------------+
; Flow OS Summary                                                                   ;
+----------------------+------------------+-----------+------------+----------------+
; Module Name          ; Machine Hostname ; OS Name   ; OS Version ; Processor type ;
+----------------------+------------------+-----------+------------+----------------+
; Analysis & Synthesis ; DESKTOP-RKPS8LL  ; Windows 7 ; 6.2        ; x86_64         ;
; EDA Netlist Writer   ; DESKTOP-RKPS8LL  ; Windows 7 ; 6.2        ; x86_64         ;
; EDA Netlist Writer   ; DESKTOP-RKPS8LL  ; Windows 7 ; 6.2        ; x86_64         ;
; EDA Netlist Writer   ; DESKTOP-RKPS8LL  ; Windows 7 ; 6.2        ; x86_64         ;
; EDA Netlist Writer   ; DESKTOP-RKPS8LL  ; Windows 7 ; 6.2        ; x86_64         ;
; EDA Netlist Writer   ; DESKTOP-RKPS8LL  ; Windows 7 ; 6.2        ; x86_64         ;
; EDA Netlist Writer   ; DESKTOP-RKPS8LL  ; Windows 7 ; 6.2        ; x86_64         ;
+----------------------+------------------+-----------+------------+----------------+


------------
; Flow Log ;
------------
quartus_map --read_settings_files=on --write_settings_files=off signal_6 -c signal_6
quartus_eda --gen_testbench --check_outputs=on --tool=modelsim_oem --format=verilog signal_6 -c signal_6 --vector_source=C:/altera/13.1/Project/signal_6/Waveform.vwf --testbench_file=C:/altera/13.1/Project/signal_6/simulation/qsim/Waveform.vwf.vt
quartus_eda --functional=on --flatten_buses=off --simulation=on --tool=modelsim_oem --format=verilog --output_directory=C:/altera/13.1/Project/signal_6/simulation/qsim/ signal_6 -c signal_6
quartus_eda --gen_testbench --check_outputs=on --tool=modelsim_oem --format=verilog signal_6 -c signal_6 --vector_source=C:/altera/13.1/Project/signal_6/Waveform.vwf --testbench_file=C:/altera/13.1/Project/signal_6/simulation/qsim/Waveform.vwf.vt
quartus_eda --functional=on --flatten_buses=off --simulation=on --tool=modelsim_oem --format=verilog --output_directory=C:/altera/13.1/Project/signal_6/simulation/qsim/ signal_6 -c signal_6
quartus_eda --gen_testbench --check_outputs=on --tool=modelsim_oem --format=verilog signal_6 -c signal_6 --vector_source=C:/altera/13.1/Project/signal_6/Waveform.vwf --testbench_file=C:/altera/13.1/Project/signal_6/simulation/qsim/Waveform.vwf.vt
quartus_eda --functional=on --flatten_buses=off --simulation=on --tool=modelsim_oem --format=verilog --output_directory=C:/altera/13.1/Project/signal_6/simulation/qsim/ signal_6 -c signal_6



