Analysis & Synthesis report for signal_6
Wed Nov 11 01:12:11 2020
Quartus II 64-Bit Version 13.1.0 Build 162 10/23/2013 SJ Web Edition


---------------------
; Table of Contents ;
---------------------
  1. Legal Notice
  2. Analysis & Synthesis Summary
  3. Analysis & Synthesis Settings
  4. Parallel Compilation
  5. Analysis & Synthesis Source Files Read
  6. Analysis & Synthesis Resource Usage Summary
  7. Analysis & Synthesis Resource Utilization by Entity
  8. Analysis & Synthesis RAM Summary
  9. Analysis & Synthesis IP Cores Summary
 10. State Machine - |combine|my_I2S:a8|CurrentState
 11. State Machine - |combine|my_I2S:a8|my_I2S_Transmitter:Transmitter|CurrentState
 12. Registers Removed During Synthesis
 13. General Register Statistics
 14. Inverted Register Statistics
 15. Multiplexer Restructuring Statistics (Restructuring Performed)
 16. Source assignments for my_I2S:a8|SineROM:ROM|altsyncram:altsyncram_component|altsyncram_tvt3:auto_generated
 17. Parameter Settings for User Entity Instance: my_I2S:a8
 18. Parameter Settings for User Entity Instance: my_I2S:a8|my_I2S_Transmitter:Transmitter
 19. Parameter Settings for User Entity Instance: my_I2S:a8|SineROM:ROM|altsyncram:altsyncram_component
 20. altsyncram Parameter Settings by Entity Instance
 21. Elapsed Time Per Partition
 22. Analysis & Synthesis Messages



----------------
; Legal Notice ;
----------------
Copyright (C) 1991-2013 Altera Corporation
Your use of Altera Corporation's design tools, logic functions 
and other software and tools, and its AMPP partner logic 
functions, and any output files from any of the foregoing 
(including device programming or simulation files), and any 
associated documentation or information are expressly subject 
to the terms and conditions of the Altera Program License 
Subscription Agreement, Altera MegaCore Function License 
Agreement, or other applicable license agreement, including, 
without limitation, that your use is for the sole purpose of 
programming logic devices manufactured by Altera and sold by 
Altera or its authorized distributors.  Please refer to the 
applicable agreement for further details.



+---------------------------------------------------------------------------------+
; Analysis & Synthesis Summary                                                    ;
+------------------------------------+--------------------------------------------+
; Analysis & Synthesis Status        ; Successful - Wed Nov 11 01:12:11 2020      ;
; Quartus II 64-Bit Version          ; 13.1.0 Build 162 10/23/2013 SJ Web Edition ;
; Revision Name                      ; signal_6                                   ;
; Top-level Entity Name              ; combine                                    ;
; Family                             ; Cyclone IV E                               ;
; Total logic elements               ; 517                                        ;
;     Total combinational functions  ; 492                                        ;
;     Dedicated logic registers      ; 289                                        ;
; Total registers                    ; 289                                        ;
; Total pins                         ; 12                                         ;
; Total virtual pins                 ; 0                                          ;
; Total memory bits                  ; 2,048                                      ;
; Embedded Multiplier 9-bit elements ; 0                                          ;
; Total PLLs                         ; 0                                          ;
+------------------------------------+--------------------------------------------+


+----------------------------------------------------------------------------------------------------------------------+
; Analysis & Synthesis Settings                                                                                        ;
+----------------------------------------------------------------------------+--------------------+--------------------+
; Option                                                                     ; Setting            ; Default Value      ;
+----------------------------------------------------------------------------+--------------------+--------------------+
; Device                                                                     ; EP4CE6E22C7        ;                    ;
; Top-level entity name                                                      ; combine            ; signal_6           ;
; Family name                                                                ; Cyclone IV E       ; Cyclone IV GX      ;
; Use smart compilation                                                      ; Off                ; Off                ;
; Enable parallel Assembler and TimeQuest Timing Analyzer during compilation ; On                 ; On                 ;
; Enable compact report table                                                ; Off                ; Off                ;
; Restructure Multiplexers                                                   ; Auto               ; Auto               ;
; Create Debugging Nodes for IP Cores                                        ; Off                ; Off                ;
; Preserve fewer node names                                                  ; On                 ; On                 ;
; Disable OpenCore Plus hardware evaluation                                  ; Off                ; Off                ;
; Verilog Version                                                            ; Verilog_2001       ; Verilog_2001       ;
; VHDL Version                                                               ; VHDL_1993          ; VHDL_1993          ;
; State Machine Processing                                                   ; Auto               ; Auto               ;
; Safe State Machine                                                         ; Off                ; Off                ;
; Extract Verilog State Machines                                             ; On                 ; On                 ;
; Extract VHDL State Machines                                                ; On                 ; On                 ;
; Ignore Verilog initial constructs                                          ; Off                ; Off                ;
; Iteration limit for constant Verilog loops                                 ; 5000               ; 5000               ;
; Iteration limit for non-constant Verilog loops                             ; 250                ; 250                ;
; Add Pass-Through Logic to Inferred RAMs                                    ; On                 ; On                 ;
; Infer RAMs from Raw Logic                                                  ; On                 ; On                 ;
; Parallel Synthesis                                                         ; On                 ; On                 ;
; DSP Block Balancing                                                        ; Auto               ; Auto               ;
; NOT Gate Push-Back                                                         ; On                 ; On                 ;
; Power-Up Don't Care                                                        ; On                 ; On                 ;
; Remove Redundant Logic Cells                                               ; Off                ; Off                ;
; Remove Duplicate Registers                                                 ; On                 ; On                 ;
; Ignore CARRY Buffers                                                       ; Off                ; Off                ;
; Ignore CASCADE Buffers                                                     ; Off                ; Off                ;
; Ignore GLOBAL Buffers                                                      ; Off                ; Off                ;
; Ignore ROW GLOBAL Buffers                                                  ; Off                ; Off                ;
; Ignore LCELL Buffers                                                       ; Off                ; Off                ;
; Ignore SOFT Buffers                                                        ; On                 ; On                 ;
; Limit AHDL Integers to 32 Bits                                             ; Off                ; Off                ;
; Optimization Technique                                                     ; Balanced           ; Balanced           ;
; Carry Chain Length                                                         ; 70                 ; 70                 ;
; Auto Carry Chains                                                          ; On                 ; On                 ;
; Auto Open-Drain Pins                                                       ; On                 ; On                 ;
; Perform WYSIWYG Primitive Resynthesis                                      ; Off                ; Off                ;
; Auto ROM Replacement                                                       ; On                 ; On                 ;
; Auto RAM Replacement                                                       ; On                 ; On                 ;
; Auto DSP Block Replacement                                                 ; On                 ; On                 ;
; Auto Shift Register Replacement                                            ; Auto               ; Auto               ;
; Allow Shift Register Merging across Hierarchies                            ; Auto               ; Auto               ;
; Auto Clock Enable Replacement                                              ; On                 ; On                 ;
; Strict RAM Replacement                                                     ; Off                ; Off                ;
; Allow Synchronous Control Signals                                          ; On                 ; On                 ;
; Force Use of Synchronous Clear Signals                                     ; Off                ; Off                ;
; Auto RAM Block Balancing                                                   ; On                 ; On                 ;
; Auto RAM to Logic Cell Conversion                                          ; Off                ; Off                ;
; Auto Resource Sharing                                                      ; Off                ; Off                ;
; Allow Any RAM Size For Recognition                                         ; Off                ; Off                ;
; Allow Any ROM Size For Recognition                                         ; Off                ; Off                ;
; Allow Any Shift Register Size For Recognition                              ; Off                ; Off                ;
; Use LogicLock Constraints during Resource Balancing                        ; On                 ; On                 ;
; Ignore translate_off and synthesis_off directives                          ; Off                ; Off                ;
; Timing-Driven Synthesis                                                    ; On                 ; On                 ;
; Report Parameter Settings                                                  ; On                 ; On                 ;
; Report Source Assignments                                                  ; On                 ; On                 ;
; Report Connectivity Checks                                                 ; On                 ; On                 ;
; Ignore Maximum Fan-Out Assignments                                         ; Off                ; Off                ;
; Synchronization Register Chain Length                                      ; 2                  ; 2                  ;
; PowerPlay Power Optimization                                               ; Normal compilation ; Normal compilation ;
; HDL message level                                                          ; Level2             ; Level2             ;
; Suppress Register Optimization Related Messages                            ; Off                ; Off                ;
; Number of Removed Registers Reported in Synthesis Report                   ; 5000               ; 5000               ;
; Number of Swept Nodes Reported in Synthesis Report                         ; 5000               ; 5000               ;
; Number of Inverted Registers Reported in Synthesis Report                  ; 100                ; 100                ;
; Clock MUX Protection                                                       ; On                 ; On                 ;
; Auto Gated Clock Conversion                                                ; Off                ; Off                ;
; Block Design Naming                                                        ; Auto               ; Auto               ;
; SDC constraint protection                                                  ; Off                ; Off                ;
; Synthesis Effort                                                           ; Auto               ; Auto               ;
; Shift Register Replacement - Allow Asynchronous Clear Signal               ; On                 ; On                 ;
; Pre-Mapping Resynthesis Optimization                                       ; Off                ; Off                ;
; Analysis & Synthesis Message Level                                         ; Medium             ; Medium             ;
; Disable Register Merging Across Hierarchies                                ; Auto               ; Auto               ;
; Resource Aware Inference For Block RAM                                     ; On                 ; On                 ;
; Synthesis Seed                                                             ; 1                  ; 1                  ;
+----------------------------------------------------------------------------+--------------------+--------------------+


Parallel compilation was disabled, but you have multiple processors available. Enable parallel compilation to reduce compilation time.
+-------------------------------------+
; Parallel Compilation                ;
+----------------------------+--------+
; Processors                 ; Number ;
+----------------------------+--------+
; Number detected on machine ; 8      ;
; Maximum allowed            ; 1      ;
+----------------------------+--------+


+--------------------------------------------------------------------------------------------------------------------------------------------------------------------------------+
; Analysis & Synthesis Source Files Read                                                                                                                                         ;
+------------------------------------+-----------------+----------------------------------------+----------------------------------------------------------------------+---------+
; File Name with User-Entered Path   ; Used in Netlist ; File Type                              ; File Name with Absolute Path                                         ; Library ;
+------------------------------------+-----------------+----------------------------------------+----------------------------------------------------------------------+---------+
; my_i2s.vhd                         ; yes             ; User VHDL File                         ; C:/altera/13.1/Project/signal_6/my_i2s.vhd                           ;         ;
; my_i2s_transmitter.vhd             ; yes             ; User VHDL File                         ; C:/altera/13.1/Project/signal_6/my_i2s_transmitter.vhd               ;         ;
; SineROM.vhd                        ; yes             ; User Wizard-Generated File             ; C:/altera/13.1/Project/signal_6/SineROM.vhd                          ;         ;
; freqA.vhd                          ; yes             ; User VHDL File                         ; C:/altera/13.1/Project/signal_6/freqA.vhd                            ;         ;
; freqB.vhd                          ; yes             ; User VHDL File                         ; C:/altera/13.1/Project/signal_6/freqB.vhd                            ;         ;
; freqD.vhd                          ; yes             ; User VHDL File                         ; C:/altera/13.1/Project/signal_6/freqD.vhd                            ;         ;
; freqE.vhd                          ; yes             ; User VHDL File                         ; C:/altera/13.1/Project/signal_6/freqE.vhd                            ;         ;
; freqF.vhd                          ; yes             ; User VHDL File                         ; C:/altera/13.1/Project/signal_6/freqF.vhd                            ;         ;
; freqG.vhd                          ; yes             ; User VHDL File                         ; C:/altera/13.1/Project/signal_6/freqG.vhd                            ;         ;
; sel_note.vhd                       ; yes             ; User VHDL File                         ; C:/altera/13.1/Project/signal_6/sel_note.vhd                         ;         ;
; freqC.vhd                          ; yes             ; User VHDL File                         ; C:/altera/13.1/Project/signal_6/freqC.vhd                            ;         ;
; combine.vhd                        ; yes             ; User VHDL File                         ; C:/altera/13.1/Project/signal_6/combine.vhd                          ;         ;
; altsyncram.tdf                     ; yes             ; Megafunction                           ; c:/altera/13.1/quartus/libraries/megafunctions/altsyncram.tdf        ;         ;
; stratix_ram_block.inc              ; yes             ; Megafunction                           ; c:/altera/13.1/quartus/libraries/megafunctions/stratix_ram_block.inc ;         ;
; lpm_mux.inc                        ; yes             ; Megafunction                           ; c:/altera/13.1/quartus/libraries/megafunctions/lpm_mux.inc           ;         ;
; lpm_decode.inc                     ; yes             ; Megafunction                           ; c:/altera/13.1/quartus/libraries/megafunctions/lpm_decode.inc        ;         ;
; aglobal131.inc                     ; yes             ; Megafunction                           ; c:/altera/13.1/quartus/libraries/megafunctions/aglobal131.inc        ;         ;
; a_rdenreg.inc                      ; yes             ; Megafunction                           ; c:/altera/13.1/quartus/libraries/megafunctions/a_rdenreg.inc         ;         ;
; altrom.inc                         ; yes             ; Megafunction                           ; c:/altera/13.1/quartus/libraries/megafunctions/altrom.inc            ;         ;
; altram.inc                         ; yes             ; Megafunction                           ; c:/altera/13.1/quartus/libraries/megafunctions/altram.inc            ;         ;
; altdpram.inc                       ; yes             ; Megafunction                           ; c:/altera/13.1/quartus/libraries/megafunctions/altdpram.inc          ;         ;
; db/altsyncram_tvt3.tdf             ; yes             ; Auto-Generated Megafunction            ; C:/altera/13.1/Project/signal_6/db/altsyncram_tvt3.tdf               ;         ;
; /users/why55/downloads/sinerom.hex ; yes             ; Auto-Found Memory Initialization File  ; /users/why55/downloads/sinerom.hex                                   ;         ;
+------------------------------------+-----------------+----------------------------------------+----------------------------------------------------------------------+---------+


+---------------------------------------------------------+
; Analysis & Synthesis Resource Usage Summary             ;
+---------------------------------------------+-----------+
; Resource                                    ; Usage     ;
+---------------------------------------------+-----------+
; Estimated Total logic elements              ; 517       ;
;                                             ;           ;
; Total combinational functions               ; 492       ;
; Logic element usage by number of LUT inputs ;           ;
;     -- 4 input functions                    ; 197       ;
;     -- 3 input functions                    ; 48        ;
;     -- <=2 input functions                  ; 247       ;
;                                             ;           ;
; Logic elements by mode                      ;           ;
;     -- normal mode                          ; 286       ;
;     -- arithmetic mode                      ; 206       ;
;                                             ;           ;
; Total registers                             ; 289       ;
;     -- Dedicated logic registers            ; 289       ;
;     -- I/O registers                        ; 0         ;
;                                             ;           ;
; I/O pins                                    ; 12        ;
; Total memory bits                           ; 2048      ;
; Embedded Multiplier 9-bit elements          ; 0         ;
; Maximum fan-out node                        ; clk~input ;
; Maximum fan-out                             ; 148       ;
; Total fan-out                               ; 2192      ;
; Average fan-out                             ; 2.67      ;
+---------------------------------------------+-----------+


+-------------------------------------------------------------------------------------------------------------------------------------------------------------------------------------------------------------------------------------------------------------------------+
; Analysis & Synthesis Resource Utilization by Entity                                                                                                                                                                                                                     ;
+----------------------------------------------+-------------------+--------------+-------------+--------------+---------+-----------+------+--------------+-----------------------------------------------------------------------------------------------+--------------+
; Compilation Hierarchy Node                   ; LC Combinationals ; LC Registers ; Memory Bits ; DSP Elements ; DSP 9x9 ; DSP 18x18 ; Pins ; Virtual Pins ; Full Hierarchy Name                                                                           ; Library Name ;
+----------------------------------------------+-------------------+--------------+-------------+--------------+---------+-----------+------+--------------+-----------------------------------------------------------------------------------------------+--------------+
; |combine                                     ; 492 (0)           ; 289 (0)      ; 2048        ; 0            ; 0       ; 0         ; 12   ; 0            ; |combine                                                                                      ; work         ;
;    |freqA:a0|                                ; 35 (35)           ; 18 (18)      ; 0           ; 0            ; 0       ; 0         ; 0    ; 0            ; |combine|freqA:a0                                                                             ; work         ;
;    |freqB:a1|                                ; 33 (33)           ; 18 (18)      ; 0           ; 0            ; 0       ; 0         ; 0    ; 0            ; |combine|freqB:a1                                                                             ; work         ;
;    |freqC:a2|                                ; 34 (34)           ; 19 (19)      ; 0           ; 0            ; 0       ; 0         ; 0    ; 0            ; |combine|freqC:a2                                                                             ; work         ;
;    |freqD:a3|                                ; 31 (31)           ; 18 (18)      ; 0           ; 0            ; 0       ; 0         ; 0    ; 0            ; |combine|freqD:a3                                                                             ; work         ;
;    |freqE:a4|                                ; 29 (29)           ; 18 (18)      ; 0           ; 0            ; 0       ; 0         ; 0    ; 0            ; |combine|freqE:a4                                                                             ; work         ;
;    |freqF:a5|                                ; 33 (33)           ; 19 (19)      ; 0           ; 0            ; 0       ; 0         ; 0    ; 0            ; |combine|freqF:a5                                                                             ; work         ;
;    |freqG:a6|                                ; 29 (29)           ; 16 (16)      ; 0           ; 0            ; 0       ; 0         ; 0    ; 0            ; |combine|freqG:a6                                                                             ; work         ;
;    |my_I2S:a8|                               ; 240 (125)         ; 163 (92)     ; 2048        ; 0            ; 0       ; 0         ; 0    ; 0            ; |combine|my_I2S:a8                                                                            ; work         ;
;       |SineROM:ROM|                          ; 0 (0)             ; 0 (0)        ; 2048        ; 0            ; 0       ; 0         ; 0    ; 0            ; |combine|my_I2S:a8|SineROM:ROM                                                                ; work         ;
;          |altsyncram:altsyncram_component|   ; 0 (0)             ; 0 (0)        ; 2048        ; 0            ; 0       ; 0         ; 0    ; 0            ; |combine|my_I2S:a8|SineROM:ROM|altsyncram:altsyncram_component                                ; work         ;
;             |altsyncram_tvt3:auto_generated| ; 0 (0)             ; 0 (0)        ; 2048        ; 0            ; 0       ; 0         ; 0    ; 0            ; |combine|my_I2S:a8|SineROM:ROM|altsyncram:altsyncram_component|altsyncram_tvt3:auto_generated ; work         ;
;       |my_I2S_Transmitter:Transmitter|       ; 115 (115)         ; 71 (71)      ; 0           ; 0            ; 0       ; 0         ; 0    ; 0            ; |combine|my_I2S:a8|my_I2S_Transmitter:Transmitter                                             ; work         ;
;    |select_note:a7|                          ; 28 (28)           ; 0 (0)        ; 0           ; 0            ; 0       ; 0         ; 0    ; 0            ; |combine|select_note:a7                                                                       ; work         ;
+----------------------------------------------+-------------------+--------------+-------------+--------------+---------+-----------+------+--------------+-----------------------------------------------------------------------------------------------+--------------+
Note: For table entries with two numbers listed, the numbers in parentheses indicate the number of resources of the given type used by the specific entity alone. The numbers listed outside of parentheses indicate the total resources of the given type used by the specific entity and all of its sub-entities in the hierarchy.


+----------------------------------------------------------------------------------------------------------------------------------------------------------------------------------------------------------------------------------+
; Analysis & Synthesis RAM Summary                                                                                                                                                                                                 ;
+-------------------------------------------------------------------------------------------------+------+------+--------------+--------------+--------------+--------------+------+-----------------------------------------------+
; Name                                                                                            ; Type ; Mode ; Port A Depth ; Port A Width ; Port B Depth ; Port B Width ; Size ; MIF                                           ;
+-------------------------------------------------------------------------------------------------+------+------+--------------+--------------+--------------+--------------+------+-----------------------------------------------+
; my_I2S:a8|SineROM:ROM|altsyncram:altsyncram_component|altsyncram_tvt3:auto_generated|ALTSYNCRAM ; AUTO ; ROM  ; 128          ; 16           ; --           ; --           ; 2048 ; ../../../../Users/why55/Downloads/SineRom.hex ;
+-------------------------------------------------------------------------------------------------+------+------+--------------+--------------+--------------+--------------+------+-----------------------------------------------+


+----------------------------------------------------------------------------------------------------------------------------------------------+
; Analysis & Synthesis IP Cores Summary                                                                                                        ;
+--------+--------------+---------+--------------+--------------+--------------------------------+---------------------------------------------+
; Vendor ; IP Core Name ; Version ; Release Date ; License Type ; Entity Instance                ; IP Include File                             ;
+--------+--------------+---------+--------------+--------------+--------------------------------+---------------------------------------------+
; Altera ; ROM: 1-PORT  ; 13.1    ; N/A          ; N/A          ; |combine|my_I2S:a8|SineROM:ROM ; C:/altera/13.1/Project/signal_6/SineROM.vhd ;
+--------+--------------+---------+--------------+--------------+--------------------------------+---------------------------------------------+


Encoding Type:  One-Hot
+------------------------------------------------------------------------------------------------------------------------------------------------------------------------+
; State Machine - |combine|my_I2S:a8|CurrentState                                                                                                                        ;
+------------------------------------+---------------------------------+------------------------------------+---------------------------------+--------------------------+
; Name                               ; CurrentState.State_WaitForStart ; CurrentState.State_IncreaseAddress ; CurrentState.State_WaitForReady ; CurrentState.State_Reset ;
+------------------------------------+---------------------------------+------------------------------------+---------------------------------+--------------------------+
; CurrentState.State_Reset           ; 0                               ; 0                                  ; 0                               ; 0                        ;
; CurrentState.State_WaitForReady    ; 0                               ; 0                                  ; 1                               ; 1                        ;
; CurrentState.State_IncreaseAddress ; 0                               ; 1                                  ; 0                               ; 1                        ;
; CurrentState.State_WaitForStart    ; 1                               ; 0                                  ; 0                               ; 1                        ;
+------------------------------------+---------------------------------+------------------------------------+---------------------------------+--------------------------+


Encoding Type:  One-Hot
+----------------------------------------------------------------------------------------------------------------------------+
; State Machine - |combine|my_I2S:a8|my_I2S_Transmitter:Transmitter|CurrentState                                             ;
+---------------------------------+---------------------------------+-----------------------------+--------------------------+
; Name                            ; CurrentState.State_TransmitWord ; CurrentState.State_LoadWord ; CurrentState.State_Reset ;
+---------------------------------+---------------------------------+-----------------------------+--------------------------+
; CurrentState.State_Reset        ; 0                               ; 0                           ; 0                        ;
; CurrentState.State_LoadWord     ; 0                               ; 1                           ; 1                        ;
; CurrentState.State_TransmitWord ; 1                               ; 0                           ; 1                        ;
+---------------------------------+---------------------------------+-----------------------------+--------------------------+


+---------------------------------------------------------------------------------+
; Registers Removed During Synthesis                                              ;
+----------------------------------------+----------------------------------------+
; Register name                          ; Reason for Removal                     ;
+----------------------------------------+----------------------------------------+
; my_I2S:a8|Tx[16..31]                   ; Stuck at GND due to stuck port data_in ;
; freqD:a3|counter[0]                    ; Merged with freqB:a1|counter[0]        ;
; freqE:a4|counter[0]                    ; Merged with freqB:a1|counter[0]        ;
; freqG:a6|counter[0]                    ; Merged with freqB:a1|counter[0]        ;
; freqG:a6|counter[1]                    ; Merged with freqB:a1|counter[1]        ;
; Total Number of Removed Registers = 20 ;                                        ;
+----------------------------------------+----------------------------------------+


+------------------------------------------------------+
; General Register Statistics                          ;
+----------------------------------------------+-------+
; Statistic                                    ; Value ;
+----------------------------------------------+-------+
; Total registers                              ; 289   ;
; Number of registers using Synchronous Clear  ; 32    ;
; Number of registers using Synchronous Load   ; 0     ;
; Number of registers using Asynchronous Clear ; 0     ;
; Number of registers using Asynchronous Load  ; 0     ;
; Number of registers using Clock Enable       ; 23    ;
; Number of registers using Preset             ; 0     ;
+----------------------------------------------+-------+


+--------------------------------------------------------------+
; Inverted Register Statistics                                 ;
+----------------------------------------------------+---------+
; Inverted Register                                  ; Fan out ;
+----------------------------------------------------+---------+
; my_I2S:a8|my_I2S_Transmitter:Transmitter|LRCLK_Int ; 2       ;
; Total number of inverted registers = 1             ;         ;
+----------------------------------------------------+---------+


+----------------------------------------------------------------------------------------------------------------------------------------------+
; Multiplexer Restructuring Statistics (Restructuring Performed)                                                                               ;
+--------------------+-----------+---------------+----------------------+------------------------+------------+--------------------------------+
; Multiplexer Inputs ; Bus Width ; Baseline Area ; Area if Restructured ; Saving if Restructured ; Registered ; Example Multiplexer Output     ;
+--------------------+-----------+---------------+----------------------+------------------------+------------+--------------------------------+
; 3:1                ; 32 bits   ; 64 LEs        ; 32 LEs               ; 32 LEs                 ; Yes        ; |combine|my_I2S:a8|Counter[26] ;
+--------------------+-----------+---------------+----------------------+------------------------+------------+--------------------------------+


+-------------------------------------------------------------------------------------------------------------+
; Source assignments for my_I2S:a8|SineROM:ROM|altsyncram:altsyncram_component|altsyncram_tvt3:auto_generated ;
+---------------------------------+--------------------+------+-----------------------------------------------+
; Assignment                      ; Value              ; From ; To                                            ;
+---------------------------------+--------------------+------+-----------------------------------------------+
; OPTIMIZE_POWER_DURING_SYNTHESIS ; NORMAL_COMPILATION ; -    ; -                                             ;
+---------------------------------+--------------------+------+-----------------------------------------------+


+--------------------------------------------------------+
; Parameter Settings for User Entity Instance: my_I2S:a8 ;
+----------------+-------+-------------------------------+
; Parameter Name ; Value ; Type                          ;
+----------------+-------+-------------------------------+
; RATIO          ; 8     ; Signed Integer                ;
; WIDTH          ; 16    ; Signed Integer                ;
+----------------+-------+-------------------------------+
Note: In order to hide this table in the UI and the text report file, please set the "Show Parameter Settings in Synthesis Report" option in "Analysis and Synthesis Settings -> More Settings" to "Off".


+---------------------------------------------------------------------------------------+
; Parameter Settings for User Entity Instance: my_I2S:a8|my_I2S_Transmitter:Transmitter ;
+----------------+-------+--------------------------------------------------------------+
; Parameter Name ; Value ; Type                                                         ;
+----------------+-------+--------------------------------------------------------------+
; width          ; 16    ; Signed Integer                                               ;
+----------------+-------+--------------------------------------------------------------+
Note: In order to hide this table in the UI and the text report file, please set the "Show Parameter Settings in Synthesis Report" option in "Analysis and Synthesis Settings -> More Settings" to "Off".


+-----------------------------------------------------------------------------------------------------+
; Parameter Settings for User Entity Instance: my_I2S:a8|SineROM:ROM|altsyncram:altsyncram_component  ;
+------------------------------------+-----------------------------------------------+----------------+
; Parameter Name                     ; Value                                         ; Type           ;
+------------------------------------+-----------------------------------------------+----------------+
; BYTE_SIZE_BLOCK                    ; 8                                             ; Untyped        ;
; AUTO_CARRY_CHAINS                  ; ON                                            ; AUTO_CARRY     ;
; IGNORE_CARRY_BUFFERS               ; OFF                                           ; IGNORE_CARRY   ;
; AUTO_CASCADE_CHAINS                ; ON                                            ; AUTO_CASCADE   ;
; IGNORE_CASCADE_BUFFERS             ; OFF                                           ; IGNORE_CASCADE ;
; WIDTH_BYTEENA                      ; 1                                             ; Untyped        ;
; OPERATION_MODE                     ; ROM                                           ; Untyped        ;
; WIDTH_A                            ; 16                                            ; Signed Integer ;
; WIDTHAD_A                          ; 7                                             ; Signed Integer ;
; NUMWORDS_A                         ; 128                                           ; Signed Integer ;
; OUTDATA_REG_A                      ; CLOCK0                                        ; Untyped        ;
; ADDRESS_ACLR_A                     ; NONE                                          ; Untyped        ;
; OUTDATA_ACLR_A                     ; NONE                                          ; Untyped        ;
; WRCONTROL_ACLR_A                   ; NONE                                          ; Untyped        ;
; INDATA_ACLR_A                      ; NONE                                          ; Untyped        ;
; BYTEENA_ACLR_A                     ; NONE                                          ; Untyped        ;
; WIDTH_B                            ; 1                                             ; Signed Integer ;
; WIDTHAD_B                          ; 1                                             ; Signed Integer ;
; NUMWORDS_B                         ; 0                                             ; Signed Integer ;
; INDATA_REG_B                       ; CLOCK1                                        ; Untyped        ;
; WRCONTROL_WRADDRESS_REG_B          ; CLOCK1                                        ; Untyped        ;
; RDCONTROL_REG_B                    ; CLOCK1                                        ; Untyped        ;
; ADDRESS_REG_B                      ; CLOCK1                                        ; Untyped        ;
; OUTDATA_REG_B                      ; UNREGISTERED                                  ; Untyped        ;
; BYTEENA_REG_B                      ; CLOCK1                                        ; Untyped        ;
; INDATA_ACLR_B                      ; NONE                                          ; Untyped        ;
; WRCONTROL_ACLR_B                   ; NONE                                          ; Untyped        ;
; ADDRESS_ACLR_B                     ; NONE                                          ; Untyped        ;
; OUTDATA_ACLR_B                     ; NONE                                          ; Untyped        ;
; RDCONTROL_ACLR_B                   ; NONE                                          ; Untyped        ;
; BYTEENA_ACLR_B                     ; NONE                                          ; Untyped        ;
; WIDTH_BYTEENA_A                    ; 1                                             ; Signed Integer ;
; WIDTH_BYTEENA_B                    ; 1                                             ; Signed Integer ;
; RAM_BLOCK_TYPE                     ; AUTO                                          ; Untyped        ;
; BYTE_SIZE                          ; 8                                             ; Signed Integer ;
; READ_DURING_WRITE_MODE_MIXED_PORTS ; DONT_CARE                                     ; Untyped        ;
; READ_DURING_WRITE_MODE_PORT_A      ; NEW_DATA_NO_NBE_READ                          ; Untyped        ;
; READ_DURING_WRITE_MODE_PORT_B      ; NEW_DATA_NO_NBE_READ                          ; Untyped        ;
; INIT_FILE                          ; ../../../../Users/why55/Downloads/SineRom.hex ; Untyped        ;
; INIT_FILE_LAYOUT                   ; PORT_A                                        ; Untyped        ;
; MAXIMUM_DEPTH                      ; 0                                             ; Signed Integer ;
; CLOCK_ENABLE_INPUT_A               ; BYPASS                                        ; Untyped        ;
; CLOCK_ENABLE_INPUT_B               ; NORMAL                                        ; Untyped        ;
; CLOCK_ENABLE_OUTPUT_A              ; BYPASS                                        ; Untyped        ;
; CLOCK_ENABLE_OUTPUT_B              ; NORMAL                                        ; Untyped        ;
; CLOCK_ENABLE_CORE_A                ; USE_INPUT_CLKEN                               ; Untyped        ;
; CLOCK_ENABLE_CORE_B                ; USE_INPUT_CLKEN                               ; Untyped        ;
; ENABLE_ECC                         ; FALSE                                         ; Untyped        ;
; ECC_PIPELINE_STAGE_ENABLED         ; FALSE                                         ; Untyped        ;
; WIDTH_ECCSTATUS                    ; 3                                             ; Signed Integer ;
; DEVICE_FAMILY                      ; Cyclone IV E                                  ; Untyped        ;
; CBXI_PARAMETER                     ; altsyncram_tvt3                               ; Untyped        ;
+------------------------------------+-----------------------------------------------+----------------+
Note: In order to hide this table in the UI and the text report file, please set the "Show Parameter Settings in Synthesis Report" option in "Analysis and Synthesis Settings -> More Settings" to "Off".


+---------------------------------------------------------------------------------------------------+
; altsyncram Parameter Settings by Entity Instance                                                  ;
+-------------------------------------------+-------------------------------------------------------+
; Name                                      ; Value                                                 ;
+-------------------------------------------+-------------------------------------------------------+
; Number of entity instances                ; 1                                                     ;
; Entity Instance                           ; my_I2S:a8|SineROM:ROM|altsyncram:altsyncram_component ;
;     -- OPERATION_MODE                     ; ROM                                                   ;
;     -- WIDTH_A                            ; 16                                                    ;
;     -- NUMWORDS_A                         ; 128                                                   ;
;     -- OUTDATA_REG_A                      ; CLOCK0                                                ;
;     -- WIDTH_B                            ; 1                                                     ;
;     -- NUMWORDS_B                         ; 0                                                     ;
;     -- ADDRESS_REG_B                      ; CLOCK1                                                ;
;     -- OUTDATA_REG_B                      ; UNREGISTERED                                          ;
;     -- RAM_BLOCK_TYPE                     ; AUTO                                                  ;
;     -- READ_DURING_WRITE_MODE_MIXED_PORTS ; DONT_CARE                                             ;
+-------------------------------------------+-------------------------------------------------------+


+-------------------------------+
; Elapsed Time Per Partition    ;
+----------------+--------------+
; Partition Name ; Elapsed Time ;
+----------------+--------------+
; Top            ; 00:00:00     ;
+----------------+--------------+


+-------------------------------+
; Analysis & Synthesis Messages ;
+-------------------------------+
Info: *******************************************************************
Info: Running Quartus II 64-Bit Analysis & Synthesis
    Info: Version 13.1.0 Build 162 10/23/2013 SJ Web Edition
    Info: Processing started: Wed Nov 11 01:12:09 2020
Info: Command: quartus_map --read_settings_files=on --write_settings_files=off signal_6 -c signal_6
Warning (20028): Parallel compilation is not licensed and has been disabled
Info (12021): Found 2 design units, including 1 entities, in source file my_i2s.vhd
    Info (12022): Found design unit 1: my_I2S-my_I2S_Arch
    Info (12023): Found entity 1: my_I2S
Info (12021): Found 2 design units, including 1 entities, in source file my_i2s_transmitter.vhd
    Info (12022): Found design unit 1: my_I2S_Transmitter-my_I2S_Transmitter_Arch
    Info (12023): Found entity 1: my_I2S_Transmitter
Info (12021): Found 2 design units, including 1 entities, in source file sinerom.vhd
    Info (12022): Found design unit 1: sinerom-SYN
    Info (12023): Found entity 1: SineROM
Info (12021): Found 2 design units, including 1 entities, in source file freqa.vhd
    Info (12022): Found design unit 1: freqA-Behavioral
    Info (12023): Found entity 1: freqA
Info (12021): Found 2 design units, including 1 entities, in source file freqb.vhd
    Info (12022): Found design unit 1: freqB-Behavioral
    Info (12023): Found entity 1: freqB
Info (12021): Found 2 design units, including 1 entities, in source file freqd.vhd
    Info (12022): Found design unit 1: freqD-Behavioral
    Info (12023): Found entity 1: freqD
Info (12021): Found 2 design units, including 1 entities, in source file freqe.vhd
    Info (12022): Found design unit 1: freqE-Behavioral
    Info (12023): Found entity 1: freqE
Info (12021): Found 2 design units, including 1 entities, in source file freqf.vhd
    Info (12022): Found design unit 1: freqF-Behavioral
    Info (12023): Found entity 1: freqF
Info (12021): Found 2 design units, including 1 entities, in source file freqg.vhd
    Info (12022): Found design unit 1: freqG-Behavioral
    Info (12023): Found entity 1: freqG
Info (12021): Found 2 design units, including 1 entities, in source file sel_note.vhd
    Info (12022): Found design unit 1: select_note-rtl
    Info (12023): Found entity 1: select_note
Info (12021): Found 2 design units, including 1 entities, in source file freqc.vhd
    Info (12022): Found design unit 1: freqC-Behavioral
    Info (12023): Found entity 1: freqC
Info (12021): Found 2 design units, including 1 entities, in source file combine.vhd
    Info (12022): Found design unit 1: combine-fn
    Info (12023): Found entity 1: combine
Info (12127): Elaborating entity "combine" for the top level hierarchy
Info (12128): Elaborating entity "freqA" for hierarchy "freqA:a0"
Info (12128): Elaborating entity "freqB" for hierarchy "freqB:a1"
Info (12128): Elaborating entity "freqC" for hierarchy "freqC:a2"
Info (12128): Elaborating entity "freqD" for hierarchy "freqD:a3"
Info (12128): Elaborating entity "freqE" for hierarchy "freqE:a4"
Info (12128): Elaborating entity "freqF" for hierarchy "freqF:a5"
Info (12128): Elaborating entity "freqG" for hierarchy "freqG:a6"
Info (12128): Elaborating entity "select_note" for hierarchy "select_note:a7"
Info (12128): Elaborating entity "my_I2S" for hierarchy "my_I2S:a8"
Info (12128): Elaborating entity "my_I2S_Transmitter" for hierarchy "my_I2S:a8|my_I2S_Transmitter:Transmitter"
Info (12128): Elaborating entity "SineROM" for hierarchy "my_I2S:a8|SineROM:ROM"
Info (12128): Elaborating entity "altsyncram" for hierarchy "my_I2S:a8|SineROM:ROM|altsyncram:altsyncram_component"
Info (12130): Elaborated megafunction instantiation "my_I2S:a8|SineROM:ROM|altsyncram:altsyncram_component"
Info (12133): Instantiated megafunction "my_I2S:a8|SineROM:ROM|altsyncram:altsyncram_component" with the following parameter:
    Info (12134): Parameter "address_aclr_a" = "NONE"
    Info (12134): Parameter "address_aclr_b" = "NONE"
    Info (12134): Parameter "address_reg_b" = "CLOCK1"
    Info (12134): Parameter "byte_size" = "8"
    Info (12134): Parameter "byteena_aclr_a" = "UNUSED"
    Info (12134): Parameter "byteena_aclr_b" = "NONE"
    Info (12134): Parameter "byteena_reg_b" = "CLOCK1"
    Info (12134): Parameter "clock_enable_core_a" = "USE_INPUT_CLKEN"
    Info (12134): Parameter "clock_enable_core_b" = "USE_INPUT_CLKEN"
    Info (12134): Parameter "clock_enable_input_a" = "BYPASS"
    Info (12134): Parameter "clock_enable_input_b" = "NORMAL"
    Info (12134): Parameter "clock_enable_output_a" = "BYPASS"
    Info (12134): Parameter "clock_enable_output_b" = "NORMAL"
    Info (12134): Parameter "intended_device_family" = "Cyclone IV E"
    Info (12134): Parameter "ecc_pipeline_stage_enabled" = "FALSE"
    Info (12134): Parameter "enable_ecc" = "FALSE"
    Info (12134): Parameter "implement_in_les" = "OFF"
    Info (12134): Parameter "indata_aclr_a" = "UNUSED"
    Info (12134): Parameter "indata_aclr_b" = "NONE"
    Info (12134): Parameter "indata_reg_b" = "CLOCK1"
    Info (12134): Parameter "init_file" = "../../../../Users/why55/Downloads/SineRom.hex"
    Info (12134): Parameter "init_file_layout" = "PORT_A"
    Info (12134): Parameter "maximum_depth" = "0"
    Info (12134): Parameter "numwords_a" = "128"
    Info (12134): Parameter "numwords_b" = "0"
    Info (12134): Parameter "operation_mode" = "ROM"
    Info (12134): Parameter "outdata_aclr_a" = "NONE"
    Info (12134): Parameter "outdata_aclr_b" = "NONE"
    Info (12134): Parameter "outdata_reg_a" = "CLOCK0"
    Info (12134): Parameter "outdata_reg_b" = "UNREGISTERED"
    Info (12134): Parameter "power_up_uninitialized" = "FALSE"
    Info (12134): Parameter "ram_block_type" = "AUTO"
    Info (12134): Parameter "rdcontrol_aclr_b" = "NONE"
    Info (12134): Parameter "rdcontrol_reg_b" = "CLOCK1"
    Info (12134): Parameter "read_during_write_mode_mixed_ports" = "DONT_CARE"
    Info (12134): Parameter "read_during_write_mode_port_a" = "NEW_DATA_NO_NBE_READ"
    Info (12134): Parameter "read_during_write_mode_port_b" = "NEW_DATA_NO_NBE_READ"
    Info (12134): Parameter "stratixiv_m144k_allow_dual_clocks" = "ON"
    Info (12134): Parameter "width_a" = "16"
    Info (12134): Parameter "width_b" = "1"
    Info (12134): Parameter "width_byteena_a" = "1"
    Info (12134): Parameter "width_byteena_b" = "1"
    Info (12134): Parameter "width_eccstatus" = "3"
    Info (12134): Parameter "widthad_a" = "7"
    Info (12134): Parameter "widthad_b" = "1"
    Info (12134): Parameter "wrcontrol_aclr_a" = "UNUSED"
    Info (12134): Parameter "wrcontrol_aclr_b" = "NONE"
    Info (12134): Parameter "wrcontrol_wraddress_reg_b" = "CLOCK1"
    Info (12134): Parameter "lpm_hint" = "ENABLE_RUNTIME_MOD=NO"
    Info (12134): Parameter "lpm_type" = "altsyncram"
Info (12021): Found 1 design units, including 1 entities, in source file db/altsyncram_tvt3.tdf
    Info (12023): Found entity 1: altsyncram_tvt3
Info (12128): Elaborating entity "altsyncram_tvt3" for hierarchy "my_I2S:a8|SineROM:ROM|altsyncram:altsyncram_component|altsyncram_tvt3:auto_generated"
Warning (19016): Clock multiplexers are found and protected
    Warning (19017): Found clock multiplexer select_note:a7|Mux0
Info (286030): Timing-Driven Synthesis is running
Info (16010): Generating hard_block partition "hard_block:auto_generated_inst"
    Info (16011): Adding 0 node(s), including 0 DDIO, 0 PLL, 0 transceiver and 0 LCELL
Info (21057): Implemented 545 device resources after synthesis - the final resource count might be different
    Info (21058): Implemented 9 input pins
    Info (21059): Implemented 3 output pins
    Info (21061): Implemented 517 logic cells
    Info (21064): Implemented 16 RAM segments
Info: Quartus II 64-Bit Analysis & Synthesis was successful. 0 errors, 3 warnings
    Info: Peak virtual memory: 4668 megabytes
    Info: Processing ended: Wed Nov 11 01:12:11 2020
    Info: Elapsed time: 00:00:02
    Info: Total CPU time (on all processors): 00:00:02


